mode: set
github.com/argoproj/argo-cd/util/cert/cert.go:79.55,80.11 1 1
github.com/argoproj/argo-cd/util/cert/cert.go:80.11,82.3 1 1
github.com/argoproj/argo-cd/util/cert/cert.go:82.8,84.3 1 1
github.com/argoproj/argo-cd/util/cert/cert.go:90.41,92.19 2 1
github.com/argoproj/argo-cd/util/cert/cert.go:92.19,94.3 1 1
github.com/argoproj/argo-cd/util/cert/cert.go:94.8,96.3 1 1
github.com/argoproj/argo-cd/util/cert/cert.go:102.40,104.19 2 1
github.com/argoproj/argo-cd/util/cert/cert.go:104.19,106.3 1 1
github.com/argoproj/argo-cd/util/cert/cert.go:106.8,108.3 1 1
github.com/argoproj/argo-cd/util/cert/cert.go:112.76,114.24 2 1
github.com/argoproj/argo-cd/util/cert/cert.go:117.2,118.16 2 1
github.com/argoproj/argo-cd/util/cert/cert.go:121.2,121.22 1 1
github.com/argoproj/argo-cd/util/cert/cert.go:114.24,116.3 1 1
github.com/argoproj/argo-cd/util/cert/cert.go:118.16,120.3 1 0
github.com/argoproj/argo-cd/util/cert/cert.go:125.66,127.2 1 1
github.com/argoproj/argo-cd/util/cert/cert.go:130.72,132.16 2 1
github.com/argoproj/argo-cd/util/cert/cert.go:135.2,136.51 2 1
github.com/argoproj/argo-cd/util/cert/cert.go:132.16,134.3 1 1
github.com/argoproj/argo-cd/util/cert/cert.go:143.73,155.21 7 1
github.com/argoproj/argo-cd/util/cert/cert.go:178.2,178.29 1 1
github.com/argoproj/argo-cd/util/cert/cert.go:155.21,157.18 2 1
github.com/argoproj/argo-cd/util/cert/cert.go:173.3,173.37 1 1
github.com/argoproj/argo-cd/util/cert/cert.go:157.18,158.65 1 1
github.com/argoproj/argo-cd/util/cert/cert.go:158.65,162.5 3 1
github.com/argoproj/argo-cd/util/cert/cert.go:163.9,166.63 3 1
github.com/argoproj/argo-cd/util/cert/cert.go:166.63,170.5 3 1
github.com/argoproj/argo-cd/util/cert/cert.go:173.37,175.4 1 0
github.com/argoproj/argo-cd/util/cert/cert.go:182.64,184.2 1 1
github.com/argoproj/argo-cd/util/cert/cert.go:187.70,189.16 2 1
github.com/argoproj/argo-cd/util/cert/cert.go:192.2,193.49 2 1
github.com/argoproj/argo-cd/util/cert/cert.go:189.16,191.3 1 1
github.com/argoproj/argo-cd/util/cert/cert.go:198.71,204.21 5 1
github.com/argoproj/argo-cd/util/cert/cert.go:213.2,213.29 1 1
github.com/argoproj/argo-cd/util/cert/cert.go:204.21,207.42 3 1
github.com/argoproj/argo-cd/util/cert/cert.go:207.42,210.4 2 1
github.com/argoproj/argo-cd/util/cert/cert.go:219.50,223.54 2 1
github.com/argoproj/argo-cd/util/cert/cert.go:228.2,229.26 2 1
github.com/argoproj/argo-cd/util/cert/cert.go:223.54,225.3 1 1
github.com/argoproj/argo-cd/util/cert/cert.go:233.89,235.31 2 1
github.com/argoproj/argo-cd/util/cert/cert.go:238.2,238.80 1 1
github.com/argoproj/argo-cd/util/cert/cert.go:235.31,237.3 1 0
github.com/argoproj/argo-cd/util/cert/cert.go:243.78,245.16 2 1
github.com/argoproj/argo-cd/util/cert/cert.go:248.2,248.32 1 1
github.com/argoproj/argo-cd/util/cert/cert.go:245.16,247.3 1 0
github.com/argoproj/argo-cd/util/cert/cert.go:251.116,253.16 2 1
github.com/argoproj/argo-cd/util/cert/cert.go:256.2,256.32 1 1
github.com/argoproj/argo-cd/util/cert/cert.go:253.16,255.3 1 0
github.com/argoproj/argo-cd/util/cert/cert.go:260.49,263.2 2 1
github.com/argoproj/argo-cd/util/cert/cert.go:268.51,270.19 1 1
github.com/argoproj/argo-cd/util/cert/cert.go:273.2,274.16 2 1
github.com/argoproj/argo-cd/util/cert/cert.go:277.2,277.14 1 1
github.com/argoproj/argo-cd/util/cert/cert.go:270.19,272.3 1 0
github.com/argoproj/argo-cd/util/cert/cert.go:274.16,276.3 1 0
github.com/argoproj/argo-cd/util/cert/cert.go:281.56,283.16 2 1
github.com/argoproj/argo-cd/util/cert/cert.go:286.2,286.37 1 1
github.com/argoproj/argo-cd/util/cert/cert.go:283.16,285.3 1 0
github.com/argoproj/argo-cd/util/cert/cert.go:290.53,294.2 3 1
github.com/argoproj/argo-cd/util/cert/cert.go:297.54,299.2 1 1
github.com/argoproj/argo-cd/util/cert/cert.go:303.68,306.16 3 1
github.com/argoproj/argo-cd/util/cert/cert.go:314.2,314.28 1 1
github.com/argoproj/argo-cd/util/cert/cert.go:318.2,318.26 1 1
github.com/argoproj/argo-cd/util/cert/cert.go:306.16,307.25 1 1
github.com/argoproj/argo-cd/util/cert/cert.go:307.25,309.4 1 1
github.com/argoproj/argo-cd/util/cert/cert.go:309.9,311.4 1 0
github.com/argoproj/argo-cd/util/cert/cert.go:314.28,316.3 1 1
github.com/argoproj/argo-cd/util/cert/cert.go:324.72,327.16 3 1
github.com/argoproj/argo-cd/util/cert/cert.go:330.2,330.21 1 1
github.com/argoproj/argo-cd/util/cert/cert.go:333.2,333.22 1 1
github.com/argoproj/argo-cd/util/cert/cert.go:327.16,329.3 1 1
github.com/argoproj/argo-cd/util/cert/cert.go:330.21,332.3 1 1
github.com/argoproj/argo-cd/util/cert/cert.go:338.62,340.30 2 1
github.com/argoproj/argo-cd/util/cert/cert.go:343.2,343.17 1 1
github.com/argoproj/argo-cd/util/cert/cert.go:340.30,342.3 1 1
